<?xml version="1.0" encoding="UTF-8"?>
<!-- Generated by org.testng.reporters.JUnitXMLReporter -->
<testsuite ignored="0" hostname="UNI-BGL-SUMAN" failures="0" tests="1" name="Firefox Test" time="0.078" errors="0" timestamp="2021-05-20T16:42:31 IST">
  <testcase classname="Utility.SuperTestNG" name="@BeforeMethod PreCondition" time="0.044">
    <failure type="java.lang.IllegalStateException" message="The path to the driver executable must be set by the webdriver.gecko.driver system property; for more information, see https://github.com/mozilla/geckodriver. The latest version can be downloaded from https://github.com/mozilla/geckodriver/releases">
      <![CDATA[java.lang.IllegalStateException: The path to the driver executable must be set by the webdriver.gecko.driver system property; for more information, see https://github.com/mozilla/geckodriver. The latest version can be downloaded from https://github.com/mozilla/geckodriver/releases
at com.google.common.base.Preconditions.checkState(Preconditions.java:847)
at org.openqa.selenium.remote.service.DriverService.findExecutable(DriverService.java:134)
at org.openqa.selenium.firefox.GeckoDriverService.access$100(GeckoDriverService.java:44)
at org.openqa.selenium.firefox.GeckoDriverService$Builder.findDefaultExecutable(GeckoDriverService.java:167)
at org.openqa.selenium.remote.service.DriverService$Builder.build(DriverService.java:355)
at org.openqa.selenium.firefox.FirefoxDriver.toExecutor(FirefoxDriver.java:190)
at org.openqa.selenium.firefox.FirefoxDriver.<init>(FirefoxDriver.java:147)
at org.openqa.selenium.firefox.FirefoxDriver.<init>(FirefoxDriver.java:125)
at Utility.SuperTestNG.PreCondition(SuperTestNG.java:73)
at java.base/java.util.ArrayList.forEach(ArrayList.java:1511)
... Removed 31 stack frames]]>
    </failure>
  </testcase> <!-- @BeforeMethod PreCondition -->
  <testcase classname="Utility.SuperTestNG" name="@AfterMethod PostCondition" time="-1.621509151634E9">
    <skipped/>
  </testcase> <!-- @AfterMethod PostCondition -->
  <testcase classname="Tests.CrossBrowser" name="CrossBrowserTesting" time="0.0">
    <skipped/>
  </testcase> <!-- CrossBrowserTesting -->
</testsuite> <!-- Firefox Test -->
