<?xml version="1.0" encoding="UTF-8"?>
<!-- Generated by org.testng.reporters.JUnitXMLReporter -->
<testsuite ignored="0" hostname="UNI-BGL-SUMAN" failures="0" tests="1" name="IE Test" time="3.502" errors="0" timestamp="2021-05-20T16:42:35 IST">
  <testcase classname="Utility.SuperTestNG" name="@BeforeMethod PreCondition" time="3.487">
    <failure type="java.lang.NullPointerException" message="Cannot invoke &amp;quot;com.aventstack.extentreports.ExtentTest.log(com.aventstack.extentreports.Status, String)&amp;quot; because &amp;quot;Utility.SuperTestNG.childtest&amp;quot; is null">
      <![CDATA[java.lang.NullPointerException: Cannot invoke "com.aventstack.extentreports.ExtentTest.log(com.aventstack.extentreports.Status, String)" because "Utility.SuperTestNG.childtest" is null
at Utility.SuperTestNG.PreCondition(SuperTestNG.java:80)
at java.base/java.util.ArrayList.forEach(ArrayList.java:1511)
... Removed 31 stack frames]]>
    </failure>
  </testcase> <!-- @BeforeMethod PreCondition -->
  <testcase classname="Utility.SuperTestNG" name="@AfterMethod PostCondition" time="-1.621509155168E9">
    <skipped/>
  </testcase> <!-- @AfterMethod PostCondition -->
  <testcase classname="Tests.CrossBrowser" name="CrossBrowserTesting" time="0.0">
    <skipped/>
  </testcase> <!-- CrossBrowserTesting -->
</testsuite> <!-- IE Test -->
