<?xml version="1.0" encoding="UTF-8"?>
<!-- Generated by org.testng.reporters.JUnitXMLReporter -->
<testsuite ignored="2" hostname="UNI-BGL-SUMAN" failures="1" tests="2" name="Test" time="22.392" errors="0" timestamp="2021-05-05T16:14:34 IST">
  <testcase classname="Tests.ScreenShot" name="imgscreenshot" time="0.224">
    <failure type="java.lang.IllegalArgumentException" message="Destination &amp;apos;C:\Users\sumancb\AppData\Local\Temp\screenshot12336798771310868835.png&amp;apos; is not a directory">
      <![CDATA[java.lang.IllegalArgumentException: Destination 'C:\Users\sumancb\AppData\Local\Temp\screenshot12336798771310868835.png' is not a directory
at org.apache.commons.io.FileUtils.copyFileToDirectory(FileUtils.java:967)
at org.apache.commons.io.FileUtils.copyFileToDirectory(FileUtils.java:931)
at Tests.ScreenShot.imgscreenshot(ScreenShot.java:20)
at java.base/java.util.ArrayList.forEach(ArrayList.java:1511)
... Removed 27 stack frames]]>
    </failure>
  </testcase> <!-- imgscreenshot -->
  <testcase classname="Tests.Base64ScreenShot" name="screenshot" time="0.177"/>
  <testcase classname="Pages.SuperTestNG" name="@BeforeTest StartReport" time="0.0">
    <ignored/>
  </testcase> <!-- @BeforeTest StartReport -->
  <testcase classname="Pages.SuperTestNG" name="@AfterSuite teardown" time="0.0">
    <ignored/>
  </testcase> <!-- @AfterSuite teardown -->
</testsuite> <!-- Test -->
