<?xml version="1.0" encoding="UTF-8"?>
<!-- Generated by org.testng.reporters.JUnitXMLReporter -->
<testsuite ignored="0" hostname="UNI-BGL-SUMAN" failures="0" tests="5" name="TestNG" time="0.074" errors="0" timestamp="2021-06-11T13:18:38 IST">
  <testcase classname="TestNG.TC2" name="login_customer" time="0.01"/>
  <testcase classname="TestNG.TC2" name="signup_customer" time="0.002"/>
  <testcase classname="TestNG.TC2" name="opening_browser" time="0.002"/>
  <testcase classname="TestNG.TC2" name="test" time="0.004"/>
  <testcase classname="TestNG.TC2" name="close_browser" time="0.002"/>
</testsuite> <!-- TestNG -->
