<?xml version="1.0" encoding="UTF-8"?>
<testng-results ignored="0" total="1" passed="1" failed="0" skipped="0">
  <reporter-output>
  </reporter-output>
  <suite started-at="2021-05-18T14:37:14 IST" name="Default suite" finished-at="2021-05-18T14:37:30 IST" duration-ms="16031">
    <groups>
    </groups>
    <test started-at="2021-05-18T14:37:14 IST" name="Default test" finished-at="2021-05-18T14:37:30 IST" duration-ms="16031">
      <class name="Tests.AuthenticationPopUP">
        <test-method is-config="true" signature="StartReport()[pri:0, instance:Tests.AuthenticationPopUP@6ac13091]" started-at="2021-05-18T14:37:14 IST" name="StartReport" finished-at="2021-05-18T14:37:14 IST" duration-ms="429" status="PASS">
          <reporter-output>
          </reporter-output>
        </test-method> <!-- StartReport -->
        <test-method is-config="true" signature="PreCondition()[pri:0, instance:Tests.AuthenticationPopUP@6ac13091]" started-at="2021-05-18T14:37:14 IST" name="PreCondition" finished-at="2021-05-18T14:37:29 IST" duration-ms="14442" status="PASS">
          <reporter-output>
          </reporter-output>
        </test-method> <!-- PreCondition -->
        <test-method signature="Authentication()[pri:0, instance:Tests.AuthenticationPopUP@6ac13091]" started-at="2021-05-18T14:37:29 IST" name="Authentication" finished-at="2021-05-18T14:37:29 IST" duration-ms="268" status="PASS">
          <reporter-output>
          </reporter-output>
        </test-method> <!-- Authentication -->
        <test-method is-config="true" signature="PostCondition()[pri:0, instance:Tests.AuthenticationPopUP@6ac13091]" started-at="2021-05-18T14:37:29 IST" name="PostCondition" finished-at="2021-05-18T14:37:30 IST" duration-ms="813" status="PASS">
          <reporter-output>
          </reporter-output>
        </test-method> <!-- PostCondition -->
        <test-method is-config="true" signature="teardown()[pri:0, instance:Tests.AuthenticationPopUP@6ac13091]" started-at="2021-05-18T14:37:30 IST" name="teardown" finished-at="2021-05-18T14:37:30 IST" duration-ms="463" status="PASS">
          <reporter-output>
          </reporter-output>
        </test-method> <!-- teardown -->
      </class> <!-- Tests.AuthenticationPopUP -->
    </test> <!-- Default test -->
  </suite> <!-- Default suite -->
</testng-results>
