<?xml version="1.0" encoding="UTF-8"?>
<testng-results ignored="0" total="2" passed="2" failed="0" skipped="0">
  <reporter-output>
  </reporter-output>
  <suite started-at="2021-06-10T12:43:55 IST" name="Suite" finished-at="2021-06-10T12:44:05 IST" duration-ms="10354">
    <groups>
    </groups>
    <test started-at="2021-06-10T12:43:55 IST" name="Test" finished-at="2021-06-10T12:44:05 IST" duration-ms="10354">
      <class name="Tests.ParallelTest">
        <test-method signature="firefox()[pri:0, instance:Tests.ParallelTest@43301423]" started-at="2021-06-10T12:43:55 IST" name="firefox" finished-at="2021-06-10T12:44:05 IST" duration-ms="10271" status="PASS">
          <reporter-output>
          </reporter-output>
        </test-method> <!-- firefox -->
        <test-method signature="chrome()[pri:0, instance:Tests.ParallelTest@43301423]" started-at="2021-06-10T12:43:55 IST" name="chrome" finished-at="2021-06-10T12:44:05 IST" duration-ms="10306" status="PASS">
          <reporter-output>
          </reporter-output>
        </test-method> <!-- chrome -->
      </class> <!-- Tests.ParallelTest -->
    </test> <!-- Test -->
  </suite> <!-- Suite -->
</testng-results>
